<?xml version="1.0" encoding="UTF-8"?>
<!-- Generated by org.testng.reporters.JUnitReportReporter -->
<testsuite hostname="DESKTOP-A7MS0QU" failures="0" tests="7" name="com.jupitertoys.testcase.jupiterToys_Test" time="118.504" errors="0" timestamp="2023-05-08T10:22:47 PST" skipped="0">
  <testcase classname="com.jupitertoys.testcase.jupiterToys_Test" name="testCase2" time="11.707"/>
  <system-out/>
  <testcase classname="com.jupitertoys.testcase.jupiterToys_Test" name="testCase2" time="13.802"/>
  <system-out/>
  <testcase classname="com.jupitertoys.testcase.jupiterToys_Test" name="testCase2" time="16.102"/>
  <system-out/>
  <testcase classname="com.jupitertoys.testcase.jupiterToys_Test" name="testCase2" time="11.140"/>
  <system-out/>
  <testcase classname="com.jupitertoys.testcase.jupiterToys_Test" name="testCase1" time="23.589"/>
  <system-out/>
  <testcase classname="com.jupitertoys.testcase.jupiterToys_Test" name="testCase3" time="20.286"/>
  <system-out/>
  <testcase classname="com.jupitertoys.testcase.jupiterToys_Test" name="testCase2" time="21.878"/>
  <system-out/>
</testsuite> <!-- com.jupitertoys.testcase.jupiterToys_Test -->
